<?xml version="1.0" encoding="UTF-8"?>
<!-- Generated by org.testng.reporters.JUnitReportReporter -->
<testsuite hostname="LAPTOP-DOBLN3AU" failures="0" tests="1" name="com.qa.TestNGScripts.NavigationDemo" time="18.555" errors="0" timestamp="16 Feb 2022 06:09:04 GMT" skipped="0">
  <testcase classname="com.qa.TestNGScripts.NavigationDemo" name="naviage" time="18.555"/>
</testsuite> <!-- com.qa.TestNGScripts.NavigationDemo -->
