<?xml version="1.0" encoding="UTF-8"?>
<!-- Generated by org.testng.reporters.JUnitReportReporter -->
<testsuite hostname="LAPTOP-DOBLN3AU" failures="0" tests="1" name="com.qa.TestNGScripts.MouseHoverDemo" time="4.217" errors="0" timestamp="16 Feb 2022 06:12:28 GMT" skipped="0">
  <testcase classname="com.qa.TestNGScripts.MouseHoverDemo" name="method1" time="4.217"/>
</testsuite> <!-- com.qa.TestNGScripts.MouseHoverDemo -->
