<?xml version="1.0" encoding="UTF-8"?>
<!-- Generated by org.testng.reporters.JUnitReportReporter -->
<testsuite hostname="LAPTOP-DOBLN3AU" failures="0" tests="2" name="com.qa.TestNGScripts.TestCase1" time="4.827" errors="0" timestamp="16 Feb 2022 06:12:28 GMT" skipped="0">
  <testcase classname="com.qa.TestNGScripts.TestCase1" name="WikiPageTest" time="3.711"/>
  <testcase classname="com.qa.TestNGScripts.TestCase1" name="AlertBoxTest" time="1.116"/>
</testsuite> <!-- com.qa.TestNGScripts.TestCase1 -->
